Starting CIS audit on mer. août 13 15:22:17 CEST 2025
=========================================
Auditing: 1.10 Ensure system-wide crypto policy is not legacy
Result: OK
-----------------------------------------
Auditing: 1.1.10 Ensure noexec option set on /var/tmp partition
Result: NOT COMPLIANT
-----------------------------------------
Auditing: 1.1.1.1 Ensure mounting of cramfs filesystems is disabled
Result: NOT COMPLIANT
-----------------------------------------
Auditing: 1.1.11 Ensure separate partition exists for /var/log
Result: OK
-----------------------------------------
Auditing: 1.1.1.2 Ensure mounting of vFAT filesystems is limited
Result: NOT COMPLIANT
-----------------------------------------
Auditing: 1.1.12 Ensure separate partition exists for /var/log/audit
Result: NOT COMPLIANT
-----------------------------------------
Auditing: 1.1.1.3 Ensure mounting of squashfs filesystems is disabled
Result: NOT COMPLIANT
-----------------------------------------
Auditing: 1.1.13 Ensure separate partition exists for /home
Result: OK
-----------------------------------------
Auditing: 1.1.1.4 Ensure mounting of udf filesystems is disabled
Result: NOT COMPLIANT
-----------------------------------------
Auditing: 1.1.14 Ensure nodev option set on /home partition
Result: NOT COMPLIANT
-----------------------------------------
Auditing: 1.1.15 Ensure nodev option set on /dev/shm partition
Result: OK
-----------------------------------------
Auditing: 1.1.16 Ensure nosuid option set on /dev/shm partition
Result: OK
-----------------------------------------
Auditing: 1.1.17 Ensure noexec option set on /dev/shm partition
Result: NOT COMPLIANT
-----------------------------------------
Auditing: 1.1.18 Ensure nodev option set on removable media partitions
Result: OK
-----------------------------------------
Auditing: 1.1.19 Ensure nosuid option set on removable media partitions
Result: OK
-----------------------------------------
Auditing: 1.11 Ensure system-wide crypto policy is FUTURE or FIPS
Result: NOT COMPLIANT
-----------------------------------------
Auditing: 1.1.20 Ensure noexec option set on removable media partitions
Result: OK
-----------------------------------------
Auditing: 1.1.21 Ensure sticky bit is set on all world-writable directories
Result: NOT COMPLIANT
-----------------------------------------
Auditing: 1.1.22 Disable Automounting
Result: NOT COMPLIANT
-----------------------------------------
Auditing: 1.1.23 Disable USB Storage
Result: OK
-----------------------------------------
Auditing: 1.1.2 Ensure /tmp is configured
❌ /tmp is missing nodev option
❌ /tmp is missing noexec option
❌ /tmp is missing nosuid option
Result: NOT COMPLIANT
-----------------------------------------
Auditing: 1.1.6 Ensure separate partition exists for /var
✔️  /var is on a separate partition
Result: OK
-----------------------------------------
Auditing: 1.1.7 Ensure separate partition exists for /var/tmp
✔️  /var/tmp is on a separate partition
Result: OK
-----------------------------------------
Auditing: 1.2.1 Ensure Red Hat Subscription Manager connection is configured
❌ System is NOT registered or not current with Red Hat
Result: NOT COMPLIANT
-----------------------------------------
Auditing: 1.2.2 Disable the rhnsd Daemon
✔️  rhnsd service not present
Result: OK
-----------------------------------------
Auditing: 1.2.3 Ensure GPG keys are configured
✔️  GPG public keys are installed
Result: OK
-----------------------------------------
Auditing: 1.2.4 Ensure gpgcheck is globally activated
✔️  gpgcheck is enabled in yum/dnf configuration
Result: OK
-----------------------------------------
Auditing: 1.2.5 Ensure package manager repositories are configured
✔️  Package manager repositories are correctly configured
Result: OK
-----------------------------------------
Auditing: 1.3.1 Ensure sudo is installed
Result: OK
-----------------------------------------
Auditing: 1.3.2 Ensure sudo commands use pty
Result: NOT COMPLIANT
-----------------------------------------
Auditing: 1.3.3 Ensure sudo log file exists
❌ No sudo log file defined in sudoers configuration
Result: NOT COMPLIANT
-----------------------------------------
Auditing: 1.4.1 Ensure AIDE is installed
Result: NOT COMPLIANT
-----------------------------------------
Auditing: 1.4.2 Ensure filesystem integrity is regularly checked
❌ AIDE is not installed
Result: NOT COMPLIANT
-----------------------------------------
Auditing: 1.5.1 Ensure permissions on bootloader config are configured
✔️  /boot/grub2/grub.cfg is correctly owned and permissioned
⚠️  /boot/efi/EFI/redhat/grub.cfg not found (possibly not used on this system)
Result: OK
-----------------------------------------
Auditing: 1.5.2 Ensure bootloader password is set
❌ GRUB password is NOT configured in /boot/grub2/grub.cfg
Result: NOT COMPLIANT
-----------------------------------------
Auditing: 1.5.3 Ensure authentication required for single user mode
✔️  /usr/lib/systemd/system/rescue.service requires sulogin for authentication
✔️  /usr/lib/systemd/system/emergency.service requires sulogin for authentication
Result: NOT COMPLIANT
-----------------------------------------
Auditing: 1.6.1 Ensure core dumps are restricted
✔️  fs.suid_dumpable is set to 0
❌ No 'hard core 0' found in limits.conf or limits.d/*
Result: NOT COMPLIANT
-----------------------------------------
Auditing: 1.6.2 Ensure address space layout randomization (ASLR) is enabled
✔️  ASLR is fully enabled (kernel.randomize_va_space = 2)
Result: OK
-----------------------------------------
Auditing: 1.7.1.1 Ensure SELinux is installed
✔️  SELinux package is installed (libselinux)
Result: OK
-----------------------------------------
Auditing: 1.7.1.2 Ensure SELinux is not disabled in bootloader configuration
✔️  SELinux is not disabled in GRUB config
Result: OK
-----------------------------------------
Auditing: 1.7.1.3 Ensure SELinux policy is configured
✔️  SELinux policy is set (targeted or mls)
Result: OK
-----------------------------------------
Auditing: 1.7.1.4 Ensure the SELinux state is enforcing
❌ SELinux is not enforcing (runtime: Disabled / config: disabled)
Result: NOT COMPLIANT
-----------------------------------------
Auditing: 1.7.1.5 Ensure no unconfined services exist
✔️  No unconfined services running
Result: OK
-----------------------------------------
Auditing: 1.7.1.6 Ensure SETroubleshoot is not installed
✔️  setroubleshoot is not installed
Result: OK
-----------------------------------------
Auditing: 1.7.1.7 Ensure the MCS Translation Service (mcstrans) is not installed
✔️  mcstrans is not installed
Result: OK
-----------------------------------------
Auditing: 1.8.1.1 Ensure message of the day is configured properly
✔️  /etc/motd is properly configured (no system info disclosure)
Result: OK
-----------------------------------------
Auditing: 1.8.1.2 Ensure local login warning banner is configured properly
❌ /etc/issue contains system information variables (\v, \r, \m, \s)
Result: NOT COMPLIANT
-----------------------------------------
Auditing: 1.8.1.3 Ensure remote login warning banner is configured properly
❌ /etc/issue.net contains system information variables (\v, \r, \m, \s)
Result: NOT COMPLIANT
-----------------------------------------
Auditing: 1.8.1.4 Ensure permissions on /etc/motd are configured
✔️  /etc/motd permissions are secure (644, owned by root:root)
Result: OK
-----------------------------------------
Auditing: 1.8.1.5 Ensure permissions on /etc/issue are configured
✔️  /etc/issue permissions are secure (444, owned by root:root)
Result: OK
-----------------------------------------
Auditing: 1.8.1.6 Ensure permissions on /etc/issue.net are configured
✔️  /etc/issue.net permissions are secure (444, owned by root:root)
Result: OK
-----------------------------------------
Auditing: 1.8.2 Ensure GDM login banner is configured
✔️  GDM is not installed — not applicable
Result: OK
-----------------------------------------
Auditing: 1.9 Ensure updates, patches, and additional security software are installed
✔️  No pending security updates
Result: OK
-----------------------------------------
Auditing: 2.1.1 Ensure xinetd is not installed
✔️  xinetd is not installed
Result: OK
-----------------------------------------
Auditing: 2.2.10 Ensure FTP Server is not enabled
✔️  vsftpd is not installed
Result: OK
-----------------------------------------
Auditing: 2.2.1.1 Ensure time synchronization is in use
✔️  chronyd is installed and enabled
Result: OK
-----------------------------------------
Auditing: 2.2.11 Ensure DNS Server is not enabled
✔️  bind is not installed
Result: OK
-----------------------------------------
Auditing: 2.2.12 Ensure NFS is not enabled
✔️  nfs-server is installed but disabled
Result: OK
-----------------------------------------
Auditing: 2.2.13 Ensure RPC is not enabled
❌ rpcbind is installed and enabled
Result: NOT COMPLIANT
-----------------------------------------
Auditing: 2.2.14 Ensure LDAP server is not enabled
✔️  LDAP server is not installed
Result: OK
-----------------------------------------
Auditing: 2.2.15 Ensure DHCP Server is not enabled
✔️  DHCP server is not installed
Result: OK
-----------------------------------------
Auditing: 2.2.16 Ensure CUPS is not enabled
✔️  cups is not installed
Result: OK
-----------------------------------------
Auditing: 2.2.17 Ensure NIS Server is not enabled
✔️  ypserv is not installed
Result: OK
-----------------------------------------
Auditing: 2.2.18 Ensure mail transfer agent is configured for local-only mode
✔️  Postfix is restricted to localhost or not running
Result: OK
-----------------------------------------
Auditing: 2.2.2 Ensure X Window System is not installed
✔️  X Window System is not installed
Result: OK
-----------------------------------------
Auditing: 2.2.3 Ensure rsync service is not enabled
✔️  rsync is installed but rsyncd is disabled
Result: OK
-----------------------------------------
Auditing: 2.2.4 Ensure Avahi Server is not enabled
✔️  avahi is not installed
Result: OK
-----------------------------------------
Auditing: 2.2.5 Ensure SNMP Server is not enabled (if not required)
❌ snmpd is enabled
Result: NOT COMPLIANT
-----------------------------------------
Auditing: 2.2.6 Ensure HTTP Proxy Server is not enabled
✔️  squid is not installed
Result: OK
-----------------------------------------
Auditing: 2.2.7 Ensure Samba is not enabled
✔️  Samba is not installed
Result: OK
-----------------------------------------
Auditing: 2.2.8 Ensure IMAP and POP3 server is not enabled
✔️  IMAP/POP3 server not installed
Result: OK
-----------------------------------------
Auditing: 2.2.9 Ensure HTTP server is not enabled (if not web server)
✔️  httpd is installed but disabled
Result: OK
-----------------------------------------
Auditing: 2.3.1 Ensure NIS client is not installed
❌ ypbind (NIS client) is installed
Result: NOT COMPLIANT
-----------------------------------------
Auditing: 2.3.2 Ensure rsh client is not installed
✔️  rsh client is not installed
Result: OK
-----------------------------------------
Auditing: 2.3.3 Ensure talk client is not installed
✔️  talk client is not installed
Result: OK
-----------------------------------------
Auditing: 3.1.1 Ensure IP forwarding is disabled
❌ net.ipv4.ip_forward is enabled
✔️  IPv6 forwarding is disabled
Result: NOT COMPLIANT
-----------------------------------------
Auditing: 3.1.2 Ensure packet redirect sending is disabled
❌ net.ipv4.conf.all.send_redirects is not set to 0
❌ net.ipv4.conf.default.send_redirects is not set to 0
Result: NOT COMPLIANT
-----------------------------------------
Auditing: 3.2.1 Ensure wireless interfaces are disabled (if not used)
✔️  No wireless interfaces detected
Result: OK
-----------------------------------------
Auditing: 3.2.2 Ensure IPv6 router advertisements are not accepted
❌ net.ipv6.conf.all.accept_ra is set to 1 (should be 0)
❌ net.ipv6.conf.default.accept_ra is set to 1 (should be 0)
Result: NOT COMPLIANT
-----------------------------------------
Auditing: 3.2.3 Ensure IPv6 redirects are not accepted
❌ net.ipv6.conf.all.accept_redirects is set to 1 (should be 0)
❌ net.ipv6.conf.default.accept_redirects is set to 1 (should be 0)
Result: NOT COMPLIANT
-----------------------------------------
Auditing: 3.2.4 Ensure suspicious packets are logged
❌ log_martians is not fully enabled
Result: NOT COMPLIANT
-----------------------------------------
Auditing: 3.2.5 Ensure broadcast ICMP requests are ignored
✔️  Broadcast ICMP requests are ignored
Result: OK
-----------------------------------------
Auditing: 3.2.6 Ensure bogus ICMP responses are ignored
✔️  Bogus ICMP error responses are ignored
Result: OK
-----------------------------------------
Auditing: 3.2.7 Ensure Reverse Path Filtering is enabled
✔️  net.ipv4.conf.all.rp_filter is set to 1
❌ net.ipv4.conf.default.rp_filter is set to 0 (should be 1)
Result: NOT COMPLIANT
-----------------------------------------
Auditing: 3.2.8 Ensure TCP SYN Cookies is enabled
✔️  TCP SYN cookies are enabled
Result: OK
-----------------------------------------
Auditing: 3.2.9 Ensure IPv6 is disabled (if required)
⚠️  IPv6 is enabled (this may be acceptable if IPv6 is in use)
Result: MANUAL CHECK REQUIRED
-----------------------------------------
Auditing: 3.3.1 Ensure DCCP is disabled
✔️  DCCP module is not loaded
❌ DCCP module is not blacklisted in /etc/modprobe.d
Result: NOT COMPLIANT
-----------------------------------------
Auditing: 3.3.2 Ensure SCTP is disabled
✔️  SCTP module is not loaded
❌ SCTP module is not blacklisted in /etc/modprobe.d
Result: NOT COMPLIANT
-----------------------------------------
Auditing: 3.3.3 Ensure RDS is disabled
✔️  RDS module is not loaded
❌ RDS module is not blacklisted in /etc/modprobe.d
Result: NOT COMPLIANT
-----------------------------------------
Auditing: 3.3.4 Ensure TIPC is disabled
✔️  TIPC module is not loaded
❌ TIPC module is not blacklisted in /etc/modprobe.d
Result: NOT COMPLIANT
-----------------------------------------
Auditing: 3.4.1.1 Ensure a Firewall package is installed
✔️  At least one firewall package is installed (nftables, firewalld, or iptables)
Result: OK
-----------------------------------------
Auditing: 3.4.2.1 Ensure nftables is installed
✔️  nftables is installed
Result: OK
-----------------------------------------
Auditing: 3.4.2.2 Ensure iptables is not enabled
✔️  iptables service is disabled
Result: OK
-----------------------------------------
Auditing: 3.4.2.3 Ensure nftables is enabled
❌ nftables service is not enabled
Result: NOT COMPLIANT
-----------------------------------------
Auditing: 3.4.2.4 Ensure default zone is set in firewalld
❌ firewalld default zone is not set
Result: NOT COMPLIANT
-----------------------------------------
Auditing: 3.4.2.5 Ensure firewalld interfaces are assigned to zones
Result: OK
-----------------------------------------
Auditing: 3.4.2.6 Ensure unnecessary services and ports are not accepted
❌ Unable to determine default firewalld zone
Result: NOT COMPLIANT
-----------------------------------------
Auditing: 3.4.3.1 Ensure iptables are flushed
✔️  iptables is not enabled — no rules to flush
Result: OK
-----------------------------------------
Auditing: 3.4.3.2 Ensure a nftables table exists
✔️  At least one nftables table exists:
table ip filter
table ip nat
table ip6 nat
table ip6 filter
Result: OK
-----------------------------------------
Auditing: 3.4.3.3 Ensure base chains exist in nftables
✔️  nftables has base chains with hooks:
		type filter hook input priority filter; policy accept;
		type filter hook forward priority filter; policy drop;
		type filter hook output priority filter; policy accept;
		type filter hook input priority filter; policy accept;
		type filter hook forward priority filter; policy drop;
		type filter hook output priority filter; policy accept;
Result: OK
-----------------------------------------
Auditing: 3.4.3.4 Ensure loopback traffic is configured in nftables
❌ No rule found to allow loopback interface (iif "lo" accept)
❌ No rule found to block spoofed 127.0.0.0/8 packets
Result: NOT COMPLIANT
-----------------------------------------
Auditing: 3.4.3.5 Ensure outbound and established connections are configured in nftables
❌ No rule found to allow ct state established on input chain
❌ No rule found to allow outbound new/established traffic on output chain
Result: NOT COMPLIANT
-----------------------------------------
Auditing: 3.4.3.6 Ensure default deny firewall policy in nftables
❌ Missing or incorrect 'policy drop' on hook input
✔️  Default policy is set to drop on hook forward
❌ Missing or incorrect 'policy drop' on hook output
Result: NOT COMPLIANT
-----------------------------------------
Auditing: 3.4.3.7 Ensure nftables service is enabled
❌ nftables service is installed but not enabled
Result: NOT COMPLIANT
-----------------------------------------
Auditing: 3.4.3.8 Ensure nftables rules are permanent
⚠️  Config file /etc/sysconfig/nftables.conf found but does not define any table
❌ No nftables rules found in expected config files
Result: NOT COMPLIANT
-----------------------------------------
Auditing: 3.4.4.1.1 Ensure default deny firewall policy in firewalld
❌ Could not determine default firewalld zone
Result: NOT COMPLIANT
-----------------------------------------
Auditing: 3.4.4.1.2 Ensure loopback traffic is configured in firewalld
❌ No rule found to explicitly allow loopback traffic on lo
❌ No rule found to drop spoofed 127.0.0.0/8 packets not via lo
Result: NOT COMPLIANT
-----------------------------------------
Auditing: 3.4.4.1.3 Ensure outbound and established connections are configured in firewalld
❌ No rule found for accepting ESTABLISHED or RELATED traffic
❌ No rule found to allow outbound connections (OUTPUT chain)
Result: NOT COMPLIANT
-----------------------------------------
Auditing: 3.4.4.1.4 Ensure firewall rules exist for all open ports
❌ Open tcp port 1014 is NOT covered by firewalld
❌ Open tcp port 111 is NOT covered by firewalld
❌ Open tcp port 17472 is NOT covered by firewalld
❌ Open tcp port 17473 is NOT covered by firewalld
❌ Open tcp port 199 is NOT covered by firewalld
❌ Open tcp port 22 is NOT covered by firewalld
❌ Open tcp port 25 is NOT covered by firewalld
❌ Open tcp port 3306 is NOT covered by firewalld
❌ Open tcp port 41401 is NOT covered by firewalld
❌ Open tcp port 443 is NOT covered by firewalld
❌ Open tcp port 46647 is NOT covered by firewalld
❌ Open tcp port 48413 is NOT covered by firewalld
❌ Open tcp port 54663 is NOT covered by firewalld
❌ Open tcp port 5666 is NOT covered by firewalld
❌ Open tcp port 7999 is NOT covered by firewalld
❌ Open tcp port 80 is NOT covered by firewalld
❌ Open tcp port 8020 is NOT covered by firewalld
❌ Open tcp port 8095 is NOT covered by firewalld
❌ Open tcp port 8443 is NOT covered by firewalld
❌ Open udp port 1014 is NOT covered by firewalld
❌ Open udp port 111 is NOT covered by firewalld
❌ Open udp port 123 is NOT covered by firewalld
❌ Open udp port 161 is NOT covered by firewalld
❌ Open udp port 31400 is NOT covered by firewalld
❌ Open udp port 323 is NOT covered by firewalld
❌ Open udp port 34547 is NOT covered by firewalld
❌ Open udp port 43192 is NOT covered by firewalld
❌ Open udp port 54074 is NOT covered by firewalld
❌ Open udp port 904 is NOT covered by firewalld
Result: NOT COMPLIANT
-----------------------------------------
Auditing: 3.4.4.2.1 Ensure IPv6 default deny firewall policy in firewalld
❌ Unable to determine default firewalld zone
Result: NOT COMPLIANT
-----------------------------------------
Auditing: 3.4.4.2.2 Ensure IPv6 loopback traffic is configured in firewalld
❌ No rule found to allow IPv6 loopback (::1) traffic on lo
❌ No rule found to drop spoofed ::1 packets not via lo
Result: NOT COMPLIANT
-----------------------------------------
Auditing: 3.4.4.2.3 Ensure IPv6 outbound and established connections are configured in firewalld
❌ No IPv6 rule found to accept ESTABLISHED or RELATED input traffic
❌ No IPv6 rule found to allow outbound traffic
Result: NOT COMPLIANT
-----------------------------------------
Auditing: 3.4.4.2.4 Ensure IPv6 firewall rules exist for all open ports
❌ IPv6 tcp port 1014 is NOT explicitly allowed by firewalld
❌ IPv6 tcp port 111 is NOT explicitly allowed by firewalld
❌ IPv6 tcp port 22 is NOT explicitly allowed by firewalld
❌ IPv6 tcp port 3306 is NOT explicitly allowed by firewalld
❌ IPv6 tcp port 443 is NOT explicitly allowed by firewalld
❌ IPv6 tcp port 48413 is NOT explicitly allowed by firewalld
❌ IPv6 tcp port 5666 is NOT explicitly allowed by firewalld
❌ IPv6 tcp port 80 is NOT explicitly allowed by firewalld
❌ IPv6 tcp port 8020 is NOT explicitly allowed by firewalld
❌ IPv6 tcp port 8095 is NOT explicitly allowed by firewalld
❌ IPv6 tcp port 8443 is NOT explicitly allowed by firewalld
❌ IPv6 udp port 1014 is NOT explicitly allowed by firewalld
❌ IPv6 udp port 111 is NOT explicitly allowed by firewalld
❌ IPv6 udp port 123 is NOT explicitly allowed by firewalld
❌ IPv6 udp port 323 is NOT explicitly allowed by firewalld
❌ IPv6 udp port 43192 is NOT explicitly allowed by firewalld
Result: NOT COMPLIANT
-----------------------------------------
Auditing: 3.5 Ensure wireless interfaces are disabled
⚠️  'iw' utility not available — cannot detect wireless interfaces
Result: MANUAL CHECK REQUIRED
-----------------------------------------
Auditing: 3.6 Ensure IPv6 is disabled
❌ IPv6 sysctl disable flags are not correctly set
Current values: all=0, default=0
❌ IPv6 module is not explicitly blocked in modprobe config
✔️  No active IPv6 addresses detected on interfaces
Result: NOT COMPLIANT
-----------------------------------------
Auditing: 4.1.10 Ensure unsuccessful unauthorized file access attempts are collected
❌ Missing audit rule for syscall 'creat' with -EACCES or -EPERM
❌ Missing audit rule for syscall 'open' with -EACCES or -EPERM
❌ Missing audit rule for syscall 'openat' with -EACCES or -EPERM
❌ Missing audit rule for syscall 'truncate' with -EACCES or -EPERM
❌ Missing audit rule for syscall 'ftruncate' with -EACCES or -EPERM
Result: NOT COMPLIANT
-----------------------------------------
Auditing: 4.1.1.1 Ensure auditd is installed
✔️  auditd package is installed
Result: OK
-----------------------------------------
Auditing: 4.1.11 Ensure events that modify user/group information are collected
❌ Missing audit rule for /usr/sbin/useradd
❌ Missing audit rule for /usr/sbin/userdel
❌ Missing audit rule for /usr/sbin/usermod
❌ Missing audit rule for /usr/sbin/groupadd
❌ Missing audit rule for /usr/sbin/groupdel
❌ Missing audit rule for /usr/sbin/groupmod
❌ Missing audit rule for /usr/bin/passwd
❌ Missing audit rule for /usr/bin/gpasswd
❌ Missing audit rule for /usr/bin/chage
Result: NOT COMPLIANT
-----------------------------------------
Auditing: 4.1.1.2 Ensure auditd service is enabled
✔️  auditd service is enabled
Result: OK
-----------------------------------------
Auditing: 4.1.12 Ensure successful file system mounts are collected
❌ Missing audit rule for syscall mount
Result: NOT COMPLIANT
-----------------------------------------
Auditing: 4.1.1.3 Ensure auditing for processes that start prior to auditd is enabled
❌ 'audit=1' is missing from GRUB_CMDLINE_LINUX in /etc/default/grub
Example: GRUB_CMDLINE_LINUX="... audit=1"
⚠️  audit=1 is not active in current kernel boot — system reboot may be required
Result: NOT COMPLIANT
-----------------------------------------
Auditing: 4.1.13 Ensure use of privileged commands is collected
❌ Missing audit rule for privileged command: /users/jirapy/JiraSqlGateway/logger_module.py
❌ Missing audit rule for privileged command: /users/jirapy/JiraSqlGateway/snippets_test/jira/testJiraSearch.py
❌ Missing audit rule for privileged command: /users/jirapy/JiraSqlGateway/snippets_test/jira/createJiraIssue-api.py
❌ Missing audit rule for privileged command: /users/jirapy/JiraSqlGateway/snippets_test/jira/updateJiraIssue-api.py
❌ Missing audit rule for privileged command: /users/jirapy/JiraSqlGateway/snippets_test/jira/testLogger.py
❌ Missing audit rule for privileged command: /users/jirapy/JiraSqlGateway/snippets_test/jira/setJiraCurrentIssues-sql.py
❌ Missing audit rule for privileged command: /users/jirapy/JiraSqlGateway/snippets_test/jira/testToken.py
❌ Missing audit rule for privileged command: /users/jirapy/JiraSqlGateway/snippets_test/odbc-drivers/testConnOdbc.py
❌ Missing audit rule for privileged command: /users/jirapy/JiraSqlGateway/snippets_test/odbc-drivers/obdcDetector.py
❌ Missing audit rule for privileged command: /users/jirapy/JiraSqlGateway/main.py
❌ Missing audit rule for privileged command: /users/jirapy/JiraSqlGateway/configuration.ini
❌ Missing audit rule for privileged command: /etc/nginx-old/conf.d/https.conf.d/status.conf
❌ Missing audit rule for privileged command: /etc/nginx-old/conf.d/https.conf.d/webdav.conf.old
❌ Missing audit rule for privileged command: /etc/nginx-old/conf.d/global_headers.conf
❌ Missing audit rule for privileged command: /etc/nginx-old/conf.d/http.conf
❌ Missing audit rule for privileged command: /etc/nginx-old/conf.d/compression.conf
❌ Missing audit rule for privileged command: /etc/nginx-old/conf.d/compression.conf.old
❌ Missing audit rule for privileged command: /etc/nginx-old/conf.d/https.conf
❌ Missing audit rule for privileged command: /etc/nginx-old/conf.d/custom_log.conf
❌ Missing audit rule for privileged command: /etc/nginx-old/collins_mappings.conf.disabled
❌ Missing audit rule for privileged command: /etc/nginx-old/mime.types
❌ Missing audit rule for privileged command: /etc/nginx-old/nginx.conf.orig
❌ Missing audit rule for privileged command: /etc/nginx-old/dhparam.pem
❌ Missing audit rule for privileged command: /etc/nginx-old/proxy_bamboo_jms.conf.disabled
❌ Missing audit rule for privileged command: /etc/nginx-old/uwsgi_params
❌ Missing audit rule for privileged command: /etc/nginx-old/scgi_params
❌ Missing audit rule for privileged command: /etc/nginx-old/fastcgi_params
❌ Missing audit rule for privileged command: /etc/nginx-old/proxy_bitbucket_ssh.conf.disabled
❌ Missing audit rule for privileged command: /etc/restore_nginx/nginx/conf.d/cache.conf.disabled
❌ Missing audit rule for privileged command: /etc/restore_nginx/nginx/conf.d/https.conf.d/status.conf
❌ Missing audit rule for privileged command: /etc/restore_nginx/nginx/conf.d/https.conf.d/webdav.conf.old
❌ Missing audit rule for privileged command: /etc/restore_nginx/nginx/conf.d/global_headers.conf
❌ Missing audit rule for privileged command: /etc/restore_nginx/nginx/conf.d/upstream.conf.tmpl.disabled
❌ Missing audit rule for privileged command: /etc/restore_nginx/nginx/conf.d/http.conf
❌ Missing audit rule for privileged command: /etc/restore_nginx/nginx/conf.d/compression.conf
❌ Missing audit rule for privileged command: /etc/restore_nginx/nginx/conf.d/compression.conf.old
❌ Missing audit rule for privileged command: /etc/restore_nginx/nginx/conf.d/https.conf
❌ Missing audit rule for privileged command: /etc/restore_nginx/nginx/conf.d/custom_log.conf
❌ Missing audit rule for privileged command: /etc/restore_nginx/nginx/collins_mappings.conf.disabled
❌ Missing audit rule for privileged command: /etc/restore_nginx/nginx/nginx.conf
❌ Missing audit rule for privileged command: /etc/restore_nginx/nginx/mime.types
❌ Missing audit rule for privileged command: /etc/restore_nginx/nginx/nginx.conf.orig
❌ Missing audit rule for privileged command: /etc/restore_nginx/nginx/dhparam.pem
❌ Missing audit rule for privileged command: /etc/restore_nginx/nginx/proxy_bamboo_jms.conf.disabled
❌ Missing audit rule for privileged command: /etc/restore_nginx/nginx/block_app.conf
❌ Missing audit rule for privileged command: /etc/restore_nginx/nginx/uwsgi_params
❌ Missing audit rule for privileged command: /etc/restore_nginx/nginx/scgi_params
❌ Missing audit rule for privileged command: /etc/restore_nginx/nginx/fastcgi_params
❌ Missing audit rule for privileged command: /etc/restore_nginx/nginx/proxy_bitbucket_ssh.conf.disabled
Result: NOT COMPLIANT
-----------------------------------------
Auditing: 4.1.1.4 Ensure audit_backlog_limit is sufficient
❌ audit_backlog_limit is not set in /proc/cmdline
❌ audit_backlog_limit is NOT defined in /etc/default/grub
Result: NOT COMPLIANT
-----------------------------------------
Auditing: 4.1.14 Ensure file deletion events by users are collected
❌ Missing audit rule for unlink on b64
❌ Missing audit rule for unlinkat on b64
❌ Missing audit rule for rename on b64
❌ Missing audit rule for renameat on b64
Result: NOT COMPLIANT
-----------------------------------------
Auditing: 4.1.15 Ensure kernel module loading and unloading is collected
❌ Missing audit rule for init_module on b64
❌ Missing audit rule for finit_module on b64
❌ Missing audit rule for delete_module on b64
Result: NOT COMPLIANT
-----------------------------------------
Auditing: 4.1.16 Ensure system administrator actions (sudo log) are collected
❌ No audit rule for /var/log/secure (but file exists)
⚠️  No known sudo log file found or audited — verify sudoers or syslog config
Result: MANUAL CHECK REQUIRED
-----------------------------------------
Auditing: 4.1.17 Ensure audit configuration is immutable
❌ Missing '-e 2' in audit configuration files (audit rules are not immutable)
Tip: Add '-e 2' as the last line in your /etc/audit/rules.d/*.rules file
Result: NOT COMPLIANT
-----------------------------------------
Auditing: 4.1.2.1 Ensure audit log storage size is configured
✔️  max_log_file is set to 8 MB in /etc/audit/auditd.conf
Result: OK
-----------------------------------------
Auditing: 4.1.2.2 Ensure audit logs are not automatically deleted
❌ max_log_file_action is set to 'rotate' (should be 'keep_logs')
Result: NOT COMPLIANT
-----------------------------------------
Auditing: 4.1.2.3 Ensure system is disabled when audit logs are full
❌ space_left_action is 'syslog' (should be 'email')
✔️  action_mail_acct is set to 'root'
❌ admin_space_left_action is 'syslog' (should be 'halt')
Result: NOT COMPLIANT
-----------------------------------------
Auditing: 4.1.3 Ensure changes to sudoers configuration are collected
❌ Missing audit rule for /etc/sudoers
❌ Missing audit rule for /etc/sudoers.d
Result: NOT COMPLIANT
-----------------------------------------
Auditing: 4.1.4 Ensure login and logout events are collected
ℹ️  File /var/log/faillog does not exist on this system — skipped
❌ Missing audit rule for /var/log/lastlog
ℹ️  File /var/log/tallylog does not exist on this system — skipped
Result: NOT COMPLIANT
-----------------------------------------
Auditing: 4.1.6 Ensure events that modify date and time information are collected
❌ Missing audit rule for /usr/bin/date
❌ Missing audit rule for /usr/sbin/hwclock
❌ Missing audit rule for /usr/bin/timedatectl
❌ Missing audit rule for /etc/localtime
Result: NOT COMPLIANT
-----------------------------------------
Auditing: 4.1.7 Ensure events that modify the system's MAC are collected
❌ Missing audit rule for /etc/selinux/
❌ Missing audit rule for /usr/sbin/setsebool
❌ Missing audit rule for /usr/sbin/semanage
❌ Missing audit rule for /usr/sbin/setenforce
❌ Missing audit rule for /usr/sbin/sestatus
Result: NOT COMPLIANT
-----------------------------------------
Auditing: 4.1.8 Ensure events that modify the system's network environment are collected
❌ Missing audit rule for /etc/issue
❌ Missing audit rule for /etc/issue.net
❌ Missing audit rule for /etc/hosts
❌ Missing audit rule for /etc/sysconfig/network
❌ Missing audit rule for /usr/bin/nmcli
❌ Missing audit rule for /usr/sbin/ifconfig
❌ Missing audit rule for /usr/sbin/ip
❌ Missing audit rule for /usr/sbin/route
Result: NOT COMPLIANT
-----------------------------------------
Auditing: 4.1.9 Ensure DAC permission modification events are collected
❌ Missing audit rule for syscall chmod on b64
❌ Missing audit rule for syscall fchmod on b64
❌ Missing audit rule for syscall fchmodat on b64
❌ Missing audit rule for syscall chown on b64
❌ Missing audit rule for syscall fchown on b64
❌ Missing audit rule for syscall fchownat on b64
❌ Missing audit rule for syscall lchown on b64
Result: NOT COMPLIANT
-----------------------------------------
Auditing: 4.2.1.1 Ensure rsyslog is installed
✔️  rsyslog package is installed
Result: OK
-----------------------------------------
Auditing: 4.2.1.2 Ensure rsyslog Service is enabled
Result: OK
-----------------------------------------
Auditing: 4.2.1.3 Ensure rsyslog default file permissions are configured
❌ No $FileCreateMode directive found in rsyslog configuration
Result: NOT COMPLIANT
-----------------------------------------
Auditing: 4.2.1.4 Ensure logging is configured
✔️  rsyslog is active and logging to local files:
/etc/rsyslog.conf:*.info;mail.none;authpriv.none;cron.none                /var/log/messages
/etc/rsyslog.conf:authpriv.*                                              /var/log/secure
/etc/rsyslog.conf:mail.*                                                  -/var/log/maillog
/etc/rsyslog.conf:cron.*                                                  /var/log/cron
/etc/rsyslog.conf:uucp,news.crit                                          /var/log/spooler
/etc/rsyslog.conf:local7.*                                                /var/log/boot.log
Result: OK
-----------------------------------------
Auditing: 4.2.1.5 Ensure rsyslog is configured to send logs to a remote log host
✔️  rsyslog is configured to send logs to remote host(s):
/etc/rsyslog.conf:*.* @199.191.45.134:514
Result: OK
-----------------------------------------
Auditing: 4.2.1.6 Ensure remote rsyslog messages are only accepted on designated log hosts
✔️  This system is not listening on port 514 — not accepting remote rsyslog messages
Result: OK
-----------------------------------------
Auditing: 4.2.2.1 Ensure journald is configured to send logs to rsyslog
❌ ForwardToSyslog is not set to 'yes' (value: )
ℹ️  Cannot verify runtime status of ForwardToSyslog — manual check recommended
Result: NOT COMPLIANT
-----------------------------------------
Auditing: 4.2.2.2 Ensure journald is configured to compress large log files
❌ Compress is not set to 'yes' (value: )
Result: NOT COMPLIANT
-----------------------------------------
Auditing: 4.2.2.3 Ensure journald is configured to write logfiles to persistent disk
❌ Storage is not set to 'persistent' (value: )
❌ /var/log/journal is missing — journald logs may not persist after reboot
Result: NOT COMPLIANT
-----------------------------------------
Auditing: 4.2.3 Ensure permissions on all logfiles are configured
❌ /var/log/tuned/tuned.log has permissions 644 (should be 640 or stricter)
❌ /var/log/JiraSqlGw/error.log has permissions 644 (should be 640 or stricter)
❌ /var/log/JiraSqlGw/error.log is owned by ccibert (should be root or syslog)
❌ /var/log/btmp-20250801 has permissions 660 (should be 640 or stricter)
❌ /var/log/vmware-vmsvc.log has permissions 644 (should be 640 or stricter)
❌ /var/log/httpd/ssl_request_log-20190602 has permissions 644 (should be 640 or stricter)
❌ /var/log/httpd/bllinalmqa05-access-2023_11_07.log has permissions 644 (should be 640 or stricter)
❌ /var/log/httpd/bllinalmqa05-access.log-20250427 has permissions 644 (should be 640 or stricter)
❌ /var/log/httpd/ssl_error_log-20250427 has permissions 644 (should be 640 or stricter)
❌ /var/log/httpd/bllinalmqa05-access-2023_09_11.log has permissions 644 (should be 640 or stricter)
❌ /var/log/httpd/ssl_access_log has permissions 644 (should be 640 or stricter)
❌ /var/log/httpd/bllinalmqa05-error.log-20250504 has permissions 644 (should be 640 or stricter)
❌ /var/log/httpd/bllinalmqa05-access-2023_09_12.log has permissions 644 (should be 640 or stricter)
❌ /var/log/httpd/bllinalmqa05-access-2023_12_19.log-20231224 has permissions 644 (should be 640 or stricter)
❌ /var/log/httpd/bllinalmqa05-access-2025_04_27.log has permissions 644 (should be 640 or stricter)
❌ /var/log/httpd/bllinalmqa05-access-2023_12_11.log-20231217 has permissions 644 (should be 640 or stricter)
❌ /var/log/httpd/bllinalmqa05-access-2023_12_19.log has permissions 644 (should be 640 or stricter)
❌ /var/log/httpd/bllinalmqa05-access-2025_04_27.log-20250504 has permissions 644 (should be 640 or stricter)
❌ /var/log/httpd/bllinalmqa05-access-2023_09_15.log-20230917 has permissions 644 (should be 640 or stricter)
❌ /var/log/httpd/bllinalmqa05-access-2023_09_13.log has permissions 644 (should be 640 or stricter)
❌ /var/log/httpd/access_log-20190623 has permissions 644 (should be 640 or stricter)
❌ /var/log/httpd/bllinalmqa05-access-2025_04_26.log has permissions 644 (should be 640 or stricter)
❌ /var/log/httpd/ssl_request_log has permissions 644 (should be 640 or stricter)
❌ /var/log/httpd/access_log-20190630 has permissions 644 (should be 640 or stricter)
❌ /var/log/httpd/bllinalmqa05-access.log-20250504 has permissions 644 (should be 640 or stricter)
❌ /var/log/httpd/oldest/ssl_access_log has permissions 644 (should be 640 or stricter)
❌ /var/log/httpd/oldest/bllinalm02-test-error.log has permissions 644 (should be 640 or stricter)
❌ /var/log/httpd/oldest/alm-eumea-qa-error.log has permissions 644 (should be 640 or stricter)
❌ /var/log/httpd/oldest/ssl_request_log has permissions 644 (should be 640 or stricter)
❌ /var/log/httpd/oldest/alm-eumea-qa-access-2019_05_25.log has permissions 644 (should be 640 or stricter)
❌ /var/log/httpd/oldest/bllinalmqa05-access.log has permissions 644 (should be 640 or stricter)
❌ /var/log/httpd/oldest/bllinalmqa05-error.log has permissions 644 (should be 640 or stricter)
❌ /var/log/httpd/oldest/error_log has permissions 644 (should be 640 or stricter)
❌ /var/log/httpd/oldest/access_log has permissions 644 (should be 640 or stricter)
❌ /var/log/httpd/oldest/bllinalmqa05-test-error.log has permissions 644 (should be 640 or stricter)
❌ /var/log/httpd/oldest/ssl_error_log has permissions 644 (should be 640 or stricter)
❌ /var/log/httpd/bllinalmqa05-error.log-20250427 has permissions 644 (should be 640 or stricter)
❌ /var/log/httpd/bllinalmqa05-access-2023_10_17.log has permissions 644 (should be 640 or stricter)
❌ /var/log/httpd/bllinalmqa05-access-2025_04_25.log-20250427 has permissions 644 (should be 640 or stricter)
❌ /var/log/httpd/bllinalmqa05-error.log-20250426 has permissions 644 (should be 640 or stricter)
❌ /var/log/httpd/bllinalmqa05-access-2023_09_14.log has permissions 644 (should be 640 or stricter)
❌ /var/log/httpd/bllinalmqa05-error.log-20231224 has permissions 644 (should be 640 or stricter)
❌ /var/log/httpd/bllinalmqa05-access.log has permissions 644 (should be 640 or stricter)
❌ /var/log/httpd/bllinalmqa05-access-2025_04_25.log has permissions 644 (should be 640 or stricter)
❌ /var/log/httpd/bllinalmqa05-error.log has permissions 644 (should be 640 or stricter)
❌ /var/log/httpd/bllinalmqa05-access-2023_09_10.log-20230917 has permissions 644 (should be 640 or stricter)
❌ /var/log/httpd/error_log has permissions 644 (should be 640 or stricter)
❌ /var/log/httpd/bllinalmqa05-access-2023_09_10.log has permissions 644 (should be 640 or stricter)
❌ /var/log/httpd/error_log-20250504 has permissions 644 (should be 640 or stricter)
❌ /var/log/httpd/error_log-20231224 has permissions 644 (should be 640 or stricter)
❌ /var/log/httpd/bllinalmqa05-access-2023_09_15.log has permissions 644 (should be 640 or stricter)
❌ /var/log/httpd/bllinalmqa05-access-2023_12_12.log-20231217 has permissions 644 (should be 640 or stricter)
❌ /var/log/httpd/ssl_access_log-20220524 has permissions 644 (should be 640 or stricter)
❌ /var/log/httpd/error_log-20250427 has permissions 644 (should be 640 or stricter)
❌ /var/log/httpd/ssl_error_log-20250504 has permissions 644 (should be 640 or stricter)
❌ /var/log/httpd/bllinalmqa05-access.log-20231224 has permissions 644 (should be 640 or stricter)
❌ /var/log/httpd/bllinalmqa05-access-2025_04_29.log has permissions 644 (should be 640 or stricter)
❌ /var/log/httpd/ssl_error_log-20231224 has permissions 644 (should be 640 or stricter)
❌ /var/log/httpd/access_log has permissions 644 (should be 640 or stricter)
❌ /var/log/httpd/bllinalmqa05-access-2025_04_26.log-20250427 has permissions 644 (should be 640 or stricter)
❌ /var/log/httpd/bllinalmqa05-access-2023_09_12.log-20230917 has permissions 644 (should be 640 or stricter)
❌ /var/log/httpd/bllinalmqa05-access-2025_04_28.log-20250504 has permissions 644 (should be 640 or stricter)
❌ /var/log/httpd/ssl_access_log-20190602 has permissions 644 (should be 640 or stricter)
❌ /var/log/httpd/bllinalmqa05-access-2023_09_14.log-20230917 has permissions 644 (should be 640 or stricter)
❌ /var/log/httpd/access_log-20190612 has permissions 644 (should be 640 or stricter)
❌ /var/log/httpd/access_log-20190616 has permissions 644 (should be 640 or stricter)
❌ /var/log/httpd/bllinalmqa05-access-2023_12_12.log has permissions 644 (should be 640 or stricter)
❌ /var/log/httpd/bllinalmqa05-access-2023_09_13.log-20230917 has permissions 644 (should be 640 or stricter)
❌ /var/log/httpd/error_log-20250426 has permissions 644 (should be 640 or stricter)
❌ /var/log/httpd/bllinalmqa05-access-2023_12_11.log has permissions 644 (should be 640 or stricter)
❌ /var/log/httpd/bllinalmqa05-access-2023_11_07.log-20231112 has permissions 644 (should be 640 or stricter)
❌ /var/log/httpd/bllinalmqa05-access-2025_04_28.log has permissions 644 (should be 640 or stricter)
❌ /var/log/httpd/bllinalmqa05-access-2025_04_29.log-20250504 has permissions 644 (should be 640 or stricter)
❌ /var/log/httpd/ssl_error_log-20250426 has permissions 644 (should be 640 or stricter)
❌ /var/log/httpd/ssl_error_log has permissions 644 (should be 640 or stricter)
❌ /var/log/httpd/ssl_request_log-20220524 has permissions 644 (should be 640 or stricter)
❌ /var/log/httpd/bllinalmqa05-access-2023_10_17.log-20231022 has permissions 644 (should be 640 or stricter)
❌ /var/log/httpd/bllinalmqa05-access-2023_09_11.log-20230917 has permissions 644 (should be 640 or stricter)
❌ /var/log/httpd/bllinalmqa05-access.log-20250426 has permissions 644 (should be 640 or stricter)
❌ /var/log/vmware-network.5.log has permissions 644 (should be 640 or stricter)
❌ /var/log/MFEdx-6.0.3-441-1641447685.log has permissions 644 (should be 640 or stricter)
❌ /var/log/dnf.librepo.log-20240819 has permissions 644 (should be 640 or stricter)
❌ /var/log/MFEdx-6.0.3-551-1642628659.log has permissions 644 (should be 640 or stricter)
❌ /var/log/vmware-network.7.log has permissions 644 (should be 640 or stricter)
❌ /var/log/vmware-network.1.log has permissions 644 (should be 640 or stricter)
❌ /var/log/wtmp has permissions 664 (should be 640 or stricter)
❌ /var/log/sdcss-caflog/cve.log is owned by dcscaf (should be root or syslog)
❌ /var/log/sdcss-caflog/cafagent.log is owned by dcscaf (should be root or syslog)
❌ /var/log/sdcss-caflog/cafagent_install.log is owned by dcscaf (should be root or syslog)
❌ /var/log/vmware-network.6.log has permissions 644 (should be 640 or stricter)
❌ /var/log/sa/sar17 has permissions 644 (should be 640 or stricter)
❌ /var/log/sa/sar27 has permissions 644 (should be 640 or stricter)
❌ /var/log/sa/sa10 has permissions 644 (should be 640 or stricter)
❌ /var/log/sa/sar22 has permissions 644 (should be 640 or stricter)
❌ /var/log/sa/sa22 has permissions 644 (should be 640 or stricter)
❌ /var/log/sa/sa01 has permissions 644 (should be 640 or stricter)
❌ /var/log/sa/sa05 has permissions 644 (should be 640 or stricter)
❌ /var/log/sa/sa29 has permissions 644 (should be 640 or stricter)
❌ /var/log/sa/sar19 has permissions 644 (should be 640 or stricter)
❌ /var/log/sa/sar03 has permissions 644 (should be 640 or stricter)
❌ /var/log/sa/sar24 has permissions 644 (should be 640 or stricter)
❌ /var/log/sa/sar21 has permissions 644 (should be 640 or stricter)
❌ /var/log/sa/sar20 has permissions 644 (should be 640 or stricter)
❌ /var/log/sa/sar01 has permissions 644 (should be 640 or stricter)
❌ /var/log/sa/sa24 has permissions 644 (should be 640 or stricter)
❌ /var/log/sa/sar31 has permissions 644 (should be 640 or stricter)
❌ /var/log/sa/sa04 has permissions 644 (should be 640 or stricter)
❌ /var/log/sa/sa16 has permissions 644 (should be 640 or stricter)
❌ /var/log/sa/sa30 has permissions 644 (should be 640 or stricter)
❌ /var/log/sa/sa17 has permissions 644 (should be 640 or stricter)
❌ /var/log/sa/sa09 has permissions 644 (should be 640 or stricter)
❌ /var/log/sa/sa27 has permissions 644 (should be 640 or stricter)
❌ /var/log/sa/sar02 has permissions 644 (should be 640 or stricter)
❌ /var/log/sa/sa21 has permissions 644 (should be 640 or stricter)
❌ /var/log/sa/sar28 has permissions 644 (should be 640 or stricter)
❌ /var/log/sa/sar15 has permissions 644 (should be 640 or stricter)
❌ /var/log/sa/sa31 has permissions 644 (should be 640 or stricter)
❌ /var/log/sa/sar25 has permissions 644 (should be 640 or stricter)
❌ /var/log/sa/sa02 has permissions 644 (should be 640 or stricter)
❌ /var/log/sa/sa18 has permissions 644 (should be 640 or stricter)
❌ /var/log/sa/sar18 has permissions 644 (should be 640 or stricter)
❌ /var/log/sa/sar09 has permissions 644 (should be 640 or stricter)
❌ /var/log/sa/sar04 has permissions 644 (should be 640 or stricter)
❌ /var/log/sa/sar12 has permissions 644 (should be 640 or stricter)
❌ /var/log/sa/sar26 has permissions 644 (should be 640 or stricter)
❌ /var/log/sa/sa07 has permissions 644 (should be 640 or stricter)
❌ /var/log/sa/sa23 has permissions 644 (should be 640 or stricter)
❌ /var/log/sa/sa12 has permissions 644 (should be 640 or stricter)
❌ /var/log/sa/sa26 has permissions 644 (should be 640 or stricter)
❌ /var/log/sa/sa15 has permissions 644 (should be 640 or stricter)
❌ /var/log/sa/sa08 has permissions 644 (should be 640 or stricter)
❌ /var/log/sa/sa06 has permissions 644 (should be 640 or stricter)
❌ /var/log/sa/sar08 has permissions 644 (should be 640 or stricter)
❌ /var/log/sa/sa13 has permissions 644 (should be 640 or stricter)
❌ /var/log/sa/sar11 has permissions 644 (should be 640 or stricter)
❌ /var/log/sa/sar07 has permissions 644 (should be 640 or stricter)
❌ /var/log/sa/sar29 has permissions 644 (should be 640 or stricter)
❌ /var/log/sa/sa28 has permissions 644 (should be 640 or stricter)
❌ /var/log/sa/sa03 has permissions 644 (should be 640 or stricter)
❌ /var/log/sa/sa20 has permissions 644 (should be 640 or stricter)
❌ /var/log/sa/sar30 has permissions 644 (should be 640 or stricter)
❌ /var/log/sa/sa11 has permissions 644 (should be 640 or stricter)
❌ /var/log/sa/sar23 has permissions 644 (should be 640 or stricter)
❌ /var/log/sa/sar16 has permissions 644 (should be 640 or stricter)
❌ /var/log/sa/sar05 has permissions 644 (should be 640 or stricter)
❌ /var/log/sa/sa25 has permissions 644 (should be 640 or stricter)
❌ /var/log/sa/sa19 has permissions 644 (should be 640 or stricter)
❌ /var/log/sa/sar10 has permissions 644 (should be 640 or stricter)
❌ /var/log/sa/sar06 has permissions 644 (should be 640 or stricter)
❌ /var/log/vmware-network.9.log has permissions 644 (should be 640 or stricter)
❌ /var/log/firewalld has permissions 644 (should be 640 or stricter)
❌ /var/log/MFEdx-6.0.3-847-1659559774.log has permissions 644 (should be 640 or stricter)
❌ /var/log/nginx/error.log-20221107.gz is owned by nginx (should be root or syslog)
❌ /var/log/nginx/error.log-20220828.gz is owned by nginx (should be root or syslog)
❌ /var/log/nginx/error.log-20221108.gz is owned by nginx (should be root or syslog)
❌ /var/log/nginx/access.log is owned by nginx (should be root or syslog)
❌ /var/log/nginx/error.log-20221205.gz is owned by nginx (should be root or syslog)
❌ /var/log/nginx/error.log-20221211.gz is owned by nginx (should be root or syslog)
❌ /var/log/nginx/collins_custom.log-20221107.gz is owned by nginx (should be root or syslog)
❌ /var/log/nginx/error.log-20221019.gz is owned by nginx (should be root or syslog)
❌ /var/log/nginx/collins_custom.log-20221021.gz is owned by nginx (should be root or syslog)
❌ /var/log/nginx/collins_custom.log-20221028.gz is owned by nginx (should be root or syslog)
❌ /var/log/nginx/collins_custom.log-20221018.gz is owned by nginx (should be root or syslog)
❌ /var/log/nginx/error.log-20221015.gz is owned by nginx (should be root or syslog)
❌ /var/log/nginx/collins_custom.log-20221105.gz is owned by nginx (should be root or syslog)
❌ /var/log/nginx/error.log-20221101.gz is owned by nginx (should be root or syslog)
❌ /var/log/nginx/error.log-20221020.gz is owned by nginx (should be root or syslog)
❌ /var/log/nginx/collins_custom.log-20221020.gz is owned by nginx (should be root or syslog)
❌ /var/log/nginx/collins_custom.log-20221111.gz is owned by nginx (should be root or syslog)
❌ /var/log/nginx/collins_custom.log-20221212.gz is owned by nginx (should be root or syslog)
❌ /var/log/nginx/error.log is owned by nginx (should be root or syslog)
❌ /var/log/nginx/collins_custom.log-20221213.gz is owned by nginx (should be root or syslog)
❌ /var/log/nginx/collins_custom.log-20221024.gz is owned by nginx (should be root or syslog)
❌ /var/log/nginx/collins_custom.log-20230919 is owned by nginx (should be root or syslog)
❌ /var/log/nginx/error.log-20230919 is owned by nginx (should be root or syslog)
❌ /var/log/nginx/collins_custom.log-20221026.gz is owned by nginx (should be root or syslog)
❌ /var/log/nginx/collins_custom.log-20230916.gz is owned by nginx (should be root or syslog)
❌ /var/log/nginx/collins_custom.log-20221030.gz is owned by nginx (should be root or syslog)
❌ /var/log/nginx/collins_custom.log-20221025.gz is owned by nginx (should be root or syslog)
❌ /var/log/nginx/error.log-20221111.gz is owned by nginx (should be root or syslog)
❌ /var/log/nginx/collins_custom.log-20221101.gz is owned by nginx (should be root or syslog)
❌ /var/log/nginx/collins_custom.log-20221029.gz is owned by nginx (should be root or syslog)
❌ /var/log/nginx/collins_custom.log-20221211.gz is owned by nginx (should be root or syslog)
❌ /var/log/nginx/collins_custom.log-20221102.gz is owned by nginx (should be root or syslog)
❌ /var/log/nginx/error.log-20221026.gz is owned by nginx (should be root or syslog)
❌ /var/log/nginx/collins_custom.log-20221019.gz is owned by nginx (should be root or syslog)
❌ /var/log/nginx/collins_custom.log-20221109.gz is owned by nginx (should be root or syslog)
❌ /var/log/nginx/collins_custom.log-20230917.gz is owned by nginx (should be root or syslog)
❌ /var/log/nginx/access.log-20220828 is owned by nginx (should be root or syslog)
❌ /var/log/nginx/error.log-20221110.gz is owned by nginx (should be root or syslog)
❌ /var/log/nginx/collins_stream.log has permissions 644 (should be 640 or stricter)
❌ /var/log/nginx/collins_custom.log-20221017.gz is owned by nginx (should be root or syslog)
❌ /var/log/nginx/collins_custom.log-20221016.gz has permissions 644 (should be 640 or stricter)
❌ /var/log/nginx/collins_custom.log-20221016.gz is owned by nginx (should be root or syslog)
❌ /var/log/nginx/collins_custom.log-20221023.gz is owned by nginx (should be root or syslog)
❌ /var/log/nginx/collins_custom.log-20221104.gz is owned by nginx (should be root or syslog)
❌ /var/log/nginx/collins_custom.log-20221106.gz is owned by nginx (should be root or syslog)
❌ /var/log/nginx/error.log-20221103.gz is owned by nginx (should be root or syslog)
❌ /var/log/nginx/collins_custom.log-20221022.gz is owned by nginx (should be root or syslog)
❌ /var/log/nginx/collins_custom.log-20221110.gz is owned by nginx (should be root or syslog)
❌ /var/log/nginx/collins_custom.log-20221108.gz is owned by nginx (should be root or syslog)
❌ /var/log/nginx/collins_custom.log-20221031.gz is owned by nginx (should be root or syslog)
❌ /var/log/nginx/error.log-20221104.gz is owned by nginx (should be root or syslog)
❌ /var/log/nginx/collins_custom.log-20230918.gz is owned by nginx (should be root or syslog)
❌ /var/log/nginx/collins_custom.log-20221027.gz is owned by nginx (should be root or syslog)
❌ /var/log/nginx/collins_custom.log-20221103.gz is owned by nginx (should be root or syslog)
❌ /var/log/nginx/collins_custom.log is owned by nginx (should be root or syslog)
❌ /var/log/vmware-network.3.log has permissions 644 (should be 640 or stricter)
❌ /var/log/dnf.log-20240819 has permissions 644 (should be 640 or stricter)
❌ /var/log/wtmp-20241004 has permissions 664 (should be 640 or stricter)
❌ /var/log/grubby_prune_debug has permissions 644 (should be 640 or stricter)
❌ /var/log/vmware-network.8.log has permissions 644 (should be 640 or stricter)
❌ /var/log/MFEdx-6.0.3-278-1616780365.log has permissions 644 (should be 640 or stricter)
❌ /var/log/mysqld.log is owned by mysql (should be root or syslog)
❌ /var/log/lastlog has permissions 664 (should be 640 or stricter)
❌ /var/log/vmware-imc/toolsDeployPkg.log has permissions 644 (should be 640 or stricter)
❌ /var/log/leapp/archive/leapp-20240820123101-logs.tar.gz has permissions 644 (should be 640 or stricter)
❌ /var/log/leapp/archive/leapp-20240820145557-logs.tar.gz has permissions 644 (should be 640 or stricter)
❌ /var/log/leapp/archive/leapp-20240626121931-logs.tar.gz has permissions 644 (should be 640 or stricter)
❌ /var/log/leapp/archive/leapp-20240820115817-logs.tar.gz has permissions 644 (should be 640 or stricter)
❌ /var/log/leapp/archive/leapp-20240820115044-logs.tar.gz has permissions 644 (should be 640 or stricter)
❌ /var/log/leapp/archive/leapp-20240820150556-logs.tar.gz has permissions 644 (should be 640 or stricter)
❌ /var/log/leapp/archive/leapp-20240626121250-logs.tar.gz has permissions 644 (should be 640 or stricter)
❌ /var/log/leapp/archive/leapp-20240820122250-logs.tar.gz has permissions 644 (should be 640 or stricter)
❌ /var/log/leapp/answerfile has permissions 644 (should be 640 or stricter)
❌ /var/log/leapp/leapp-report.txt has permissions 644 (should be 640 or stricter)
❌ /var/log/leapp/answerfile.userchoices has permissions 644 (should be 640 or stricter)
❌ /var/log/leapp/dnf-plugin-data.txt has permissions 644 (should be 640 or stricter)
❌ /var/log/leapp/leapp-report.json has permissions 644 (should be 640 or stricter)
❌ /var/log/leapp/leapp-upgrade.log has permissions 644 (should be 640 or stricter)
❌ /var/log/vmware-network.log has permissions 644 (should be 640 or stricter)
❌ /var/log/MFEdx-6.0.0-241-1616765768.log has permissions 644 (should be 640 or stricter)
❌ /var/log/btmp has permissions 660 (should be 640 or stricter)
❌ /var/log/rhsm/rhsm.log-20250727 has permissions 644 (should be 640 or stricter)
❌ /var/log/rhsm/rhsm.log-20250720 has permissions 644 (should be 640 or stricter)
❌ /var/log/rhsm/rhsm.log-20250803 has permissions 644 (should be 640 or stricter)
❌ /var/log/rhsm/rhsm.log has permissions 644 (should be 640 or stricter)
❌ /var/log/rhsm/rhsmcertd.log-20250803 has permissions 644 (should be 640 or stricter)
❌ /var/log/rhsm/rhsm.log-20250810 has permissions 644 (should be 640 or stricter)
❌ /var/log/rhsm/rhsmcertd.log-20250810 has permissions 644 (should be 640 or stricter)
❌ /var/log/rhsm/rhsmcertd.log-20250720 has permissions 644 (should be 640 or stricter)
❌ /var/log/rhsm/rhsmcertd.log-20250727 has permissions 644 (should be 640 or stricter)
❌ /var/log/rhsm/rhsmcertd.log has permissions 644 (should be 640 or stricter)
❌ /var/log/MFEdx-6.0.3-646-1653324408.log has permissions 644 (should be 640 or stricter)
❌ /var/log/dnf.rpm.log-20240819 has permissions 644 (should be 640 or stricter)
❌ /var/log/vmware-network.2.log has permissions 644 (should be 640 or stricter)
❌ /var/log/mcupdater_bllinalmqa05.log has permissions 644 (should be 640 or stricter)
❌ /var/log/vmware-network.4.log has permissions 644 (should be 640 or stricter)
❌ /var/log/sdcsslog/startup.log has permissions 660 (should be 640 or stricter)
❌ /var/log/sdcsslog/startup.log is owned by sisips (should be root or syslog)
❌ /var/log/sdcsslog/SAEPRTEvents.csv has permissions 660 (should be 640 or stricter)
❌ /var/log/sdcsslog/agent_install.log is owned by sisips (should be root or syslog)
❌ /var/log/sdcsslog/SISIDSEvents.csv has permissions 660 (should be 640 or stricter)
❌ /var/log/sdcsslog/sisipsdaemon.log has permissions 660 (should be 640 or stricter)
❌ /var/log/sdcsslog/sisipsdaemon.log is owned by sisips (should be root or syslog)
Result: NOT COMPLIANT
-----------------------------------------
Auditing: 4.3 Ensure logrotate is configured
✔️  logrotate package is installed
✔️  /etc/logrotate.conf exists
✔️  logrotate includes 16 custom configuration(s) in /etc/logrotate.d/
Result: OK
-----------------------------------------
Auditing: 5.1.1 Ensure cron daemon is enabled
✔️  cronie package is installed
✔️  crond service is enabled at boot
✔️  crond service is currently running
Result: OK
-----------------------------------------
Auditing: 5.1.2 Ensure permissions on /etc/crontab are configured
✔️  /etc/crontab is owned by root
❌ /etc/crontab permissions are 644 (should be 600, 640, or stricter)
Result: NOT COMPLIANT
-----------------------------------------
Auditing: 5.1.3 Ensure permissions on /etc/cron.hourly are configured
✔️  /etc/cron.hourly is owned by root
❌ /etc/cron.hourly permissions are 755 (should be 0700 or stricter)
Result: NOT COMPLIANT
-----------------------------------------
Auditing: 5.1.4 Ensure permissions on /etc/cron.daily are configured
✔️  /etc/cron.daily is owned by root
❌ /etc/cron.daily permissions are 755 (should be 0700 or stricter)
Result: NOT COMPLIANT
-----------------------------------------
Auditing: 5.1.5 Ensure permissions on /etc/cron.weekly are configured
✔️  /etc/cron.weekly is owned by root
❌ /etc/cron.weekly permissions are 755 (should be 0700 or stricter)
Result: NOT COMPLIANT
-----------------------------------------
Auditing: 5.1.6 Ensure permissions on /etc/cron.monthly are configured
✔️  /etc/cron.monthly is owned by root
❌ /etc/cron.monthly permissions are 755 (should be 0700 or stricter)
Result: NOT COMPLIANT
-----------------------------------------
Auditing: 5.1.7 Ensure permissions on /etc/cron.d are configured
✔️  /etc/cron.d is owned by root
❌ /etc/cron.d permissions are 755 (should be 0700 or stricter)
Result: NOT COMPLIANT
-----------------------------------------
Auditing: 5.1.8 Ensure at/cron is restricted to authorized users
❌ /etc/cron.allow is missing (should exist to restrict access)
❌ /etc/at.allow is missing (should exist to restrict access)
❌ /etc/cron.deny exists (should be removed)
❌ /etc/at.deny exists (should be removed)
Result: NOT COMPLIANT
-----------------------------------------
Auditing: 5.2.10 Ensure SSH root login is disabled
Result: PermitRootLogin no
OK
-----------------------------------------
Auditing: 5.2.11 Ensure SSH PermitEmptyPasswords is disabled
Result: NOT COMPLIANT
-----------------------------------------
Auditing: 5.2.12 Ensure SSH PermitUserEnvironment is disabled
Result: NOT COMPLIANT
-----------------------------------------
Auditing: 5.2.13 Ensure SSH Idle Timeout Interval is configured
❌ ClientAliveInterval is missing or > 300 (current: )
❌ ClientAliveCountMax is missing or != 0 (current: )
Result: NOT COMPLIANT
-----------------------------------------
Auditing: 5.2.14 Ensure SSH LoginGraceTime is set to one minute or less
❌ LoginGraceTime is not explicitly set (default is 120 seconds)
Result: NOT COMPLIANT
-----------------------------------------
Auditing: 5.2.15 Ensure SSH Banner is set to /etc/issue.net
✔️  Banner is correctly set to /etc/issue.net
Result: OK
-----------------------------------------
Auditing: 5.2.16 Ensure SSH UsePAM is set to yes
✔️  UsePAM is correctly set to yes
Result: OK
-----------------------------------------
Auditing: 5.2.17 Ensure SSH AllowTcpForwarding is set to no
❌ AllowTcpForwarding is set to  (expected: no)
Result: NOT COMPLIANT
-----------------------------------------
Auditing: 5.2.18 Ensure SSH MaxStartups is configured
❌ MaxStartups format is invalid or missing (value: )
Result: NOT COMPLIANT
-----------------------------------------
Auditing: 5.2.19 Ensure SSH MaxSessions is set to 4 or less
❌ MaxSessions is  (should be ≤ 4)
Result: NOT COMPLIANT
-----------------------------------------
Auditing: 5.2.20 Ensure system-wide crypto policy is not over-ridden
✔️  No system-wide crypto override in /etc/sysconfig/sshd
Result: OK
-----------------------------------------
Auditing: 5.2.1 Ensure permissions on /etc/ssh/sshd_config are configured
✔️  /etc/ssh/sshd_config is owned by root and permissions are OK (400)
Result: OK
-----------------------------------------
Auditing: 5.2.2 Ensure SSH access is limited
✔️  SSH access limitation directive is configured
Result: OK
-----------------------------------------
Auditing: 5.2.3 Ensure permissions on SSH private host key files are configured
❌ /etc/ssh/ssh_host_ecdsa_key has incorrect ownership or permissions (root:640)
❌ /etc/ssh/ssh_host_rsa_key has incorrect ownership or permissions (root:640)
❌ /etc/ssh/ssh_host_ed25519_key has incorrect ownership or permissions (root:640)
Result: NOT COMPLIANT
-----------------------------------------
Auditing: 5.2.4 Ensure permissions on SSH public host key files are configured
✔️  /etc/ssh/ssh_host_ed25519_key.pub ownership and permissions are OK
✔️  /etc/ssh/ssh_host_ecdsa_key.pub ownership and permissions are OK
✔️  /etc/ssh/ssh_host_rsa_key.pub ownership and permissions are OK
Result: OK
-----------------------------------------
Auditing: 5.2.5 Ensure SSH LogLevel is appropriate
❌ LogLevel is set to  (expected: INFO)
Result: NOT COMPLIANT
-----------------------------------------
Auditing: 5.2.6 Ensure SSH X11 forwarding is disabled
❌ X11Forwarding is set to yes (expected: no)
Result: NOT COMPLIANT
-----------------------------------------
Auditing: 5.2.7 Ensure SSH MaxAuthTries is set to 4 or less
❌ MaxAuthTries is set to  (should be ≤ 4)
Result: NOT COMPLIANT
-----------------------------------------
Auditing: 5.2.8 Ensure SSH IgnoreRhosts is enabled
❌ IgnoreRhosts is set to  (expected: yes)
Result: NOT COMPLIANT
-----------------------------------------
Auditing: 5.2.9 Ensure SSH HostbasedAuthentication is disabled
❌ HostbasedAuthentication is set to  (expected: no)
Result: NOT COMPLIANT
-----------------------------------------
Auditing: 5.3.1 Ensure custom authselect profile is used
❌ A default or stock authselect profile is in use: 
Result: NOT COMPLIANT
-----------------------------------------
Auditing: 5.3.2 Ensure correct authselect profile is selected
❌ Incorrect or unexpected authselect profile in use: 
Result: NOT COMPLIANT
-----------------------------------------
Auditing: 5.3.3 Ensure authselect includes with-faillock
❌ with-faillock feature is NOT enabled in authselect
Result: NOT COMPLIANT
-----------------------------------------
Auditing: 5.4.1 Ensure password creation requirements are configured
❌ pam_pwquality is not properly configured in PAM stack
Result: NOT COMPLIANT
-----------------------------------------
Auditing: 5.4.2 Ensure lockout for failed password attempts is configured
❌ pam_faillock is not properly configured in PAM stack
Result: NOT COMPLIANT
-----------------------------------------
Auditing: 5.4.3 Ensure password reuse is limited
❌ pam_pwhistory is not configured in PAM stack
Result: NOT COMPLIANT
-----------------------------------------
Auditing: 5.4.4 Ensure password hashing algorithm is SHA-512
✔️  ENCRYPT_METHOD is set to SHA512 in /etc/login.defs
Result: OK
-----------------------------------------
Auditing: 5.5.1.1 Ensure password expiration is 365 days or less
✔️  PASS_MAX_DAYS is set to 90 in /etc/login.defs
Result: OK
-----------------------------------------
Auditing: 5.5.1.2 Ensure minimum days between password changes is 7 or more
❌ PASS_MIN_DAYS is not compliant (value: 1)
Result: NOT COMPLIANT
-----------------------------------------
Auditing: 5.5.1.3 Ensure password expiration warning days is 7 or more
✔️  PASS_WARN_AGE is set to 15 in /etc/login.defs
Result: OK
-----------------------------------------
Auditing: 5.5.1.4 Ensure inactive password lock is 30 days or less
❌ INACTIVE is not compliant (value: -1)
Result: NOT COMPLIANT
-----------------------------------------
Auditing: 5.5.1.5 Ensure all users last password change date is in the past
✔️  All users have valid (past) last password change dates
Result: OK
-----------------------------------------
Auditing: 5.5.2 Ensure system accounts are secured (non-login)
❌ Some system accounts have login shells:
 - sync (/bin/sync)
 - shutdown (/sbin/shutdown)
 - halt (/sbin/halt)
Result: NOT COMPLIANT
-----------------------------------------
Auditing: 5.5.3 Ensure default user shell timeout is 900 seconds or less
❌ TMOUT is not configured or is greater than 900 seconds (value: unset)
Result: NOT COMPLIANT
-----------------------------------------
Auditing: 5.5.4 Ensure default group for the root account is GID 0
✔️  root account has GID 0
Result: OK
-----------------------------------------
Auditing: 5.5.5 Ensure default user umask is 027 or more restrictive
Result: NOT COMPLIANT
-----------------------------------------
Auditing: 5.6 Ensure root login is restricted to system console
❌ /etc/securetty not found. Cannot restrict root login to console.
Result: NOT COMPLIANT
-----------------------------------------
Auditing: 5.7 Ensure access to the su command is restricted to authorized groups
❌ pam_wheel is not properly configured in /etc/pam.d/su
Result: NOT COMPLIANT
-----------------------------------------
Auditing: 6.1.10 Ensure no world writable files exist
✔️  No world-writable files found
Result: OK
-----------------------------------------
Auditing: 6.1.11 Ensure no unowned files or directories exist
✔️  No unowned files or directories found
Result: OK
-----------------------------------------
Auditing: 6.1.12 Ensure no ungrouped files or directories exist
✔️  No ungrouped files or directories found
Result: OK
-----------------------------------------
Auditing: 6.1.13 Audit SUID executables
✔️  No SUID executables found
Result: OK (Review output manually)
-----------------------------------------
Auditing: 6.1.14 Audit SGID executables
✔️  SGID executables found (audit required):
/users/jirapy/JiraSqlGateway/logger_module.py
/users/jirapy/JiraSqlGateway/snippets_test/jira/testJiraSearch.py
/users/jirapy/JiraSqlGateway/snippets_test/jira/createJiraIssue-api.py
/users/jirapy/JiraSqlGateway/snippets_test/jira/updateJiraIssue-api.py
/users/jirapy/JiraSqlGateway/snippets_test/jira/testLogger.py
/users/jirapy/JiraSqlGateway/snippets_test/jira/setJiraCurrentIssues-sql.py
/users/jirapy/JiraSqlGateway/snippets_test/jira/testToken.py
/users/jirapy/JiraSqlGateway/snippets_test/odbc-drivers/testConnOdbc.py
/users/jirapy/JiraSqlGateway/snippets_test/odbc-drivers/obdcDetector.py
/users/jirapy/JiraSqlGateway/main.py
/users/jirapy/JiraSqlGateway/configuration.ini
/etc/nginx-old/conf.d/https.conf.d/status.conf
/etc/nginx-old/conf.d/https.conf.d/webdav.conf.old
/etc/nginx-old/conf.d/global_headers.conf
/etc/nginx-old/conf.d/http.conf
/etc/nginx-old/conf.d/compression.conf
/etc/nginx-old/conf.d/compression.conf.old
/etc/nginx-old/conf.d/https.conf
/etc/nginx-old/conf.d/custom_log.conf
/etc/nginx-old/collins_mappings.conf.disabled
/etc/nginx-old/mime.types
/etc/nginx-old/nginx.conf.orig
/etc/nginx-old/dhparam.pem
/etc/nginx-old/proxy_bamboo_jms.conf.disabled
/etc/nginx-old/uwsgi_params
/etc/nginx-old/scgi_params
/etc/nginx-old/fastcgi_params
/etc/nginx-old/proxy_bitbucket_ssh.conf.disabled
/etc/restore_nginx/nginx/conf.d/cache.conf.disabled
/etc/restore_nginx/nginx/conf.d/https.conf.d/status.conf
/etc/restore_nginx/nginx/conf.d/https.conf.d/webdav.conf.old
/etc/restore_nginx/nginx/conf.d/global_headers.conf
/etc/restore_nginx/nginx/conf.d/upstream.conf.tmpl.disabled
/etc/restore_nginx/nginx/conf.d/http.conf
/etc/restore_nginx/nginx/conf.d/compression.conf
/etc/restore_nginx/nginx/conf.d/compression.conf.old
/etc/restore_nginx/nginx/conf.d/https.conf
/etc/restore_nginx/nginx/conf.d/custom_log.conf
/etc/restore_nginx/nginx/collins_mappings.conf.disabled
/etc/restore_nginx/nginx/nginx.conf
/etc/restore_nginx/nginx/mime.types
/etc/restore_nginx/nginx/nginx.conf.orig
/etc/restore_nginx/nginx/dhparam.pem
/etc/restore_nginx/nginx/proxy_bamboo_jms.conf.disabled
/etc/restore_nginx/nginx/block_app.conf
/etc/restore_nginx/nginx/uwsgi_params
/etc/restore_nginx/nginx/scgi_params
/etc/restore_nginx/nginx/fastcgi_params
/etc/restore_nginx/nginx/proxy_bitbucket_ssh.conf.disabled
Result: OK (Review output manually)
-----------------------------------------
Auditing: 6.1.1 Audit system file permissions (AIDE)
❌ AIDE is not installed
Result: NOT COMPLIANT
-----------------------------------------
Auditing: 6.1.2 Ensure permissions on /etc/passwd are configured
✔️  /etc/passwd permissions are correct (644, root:root)
Result: OK
-----------------------------------------
Auditing: 6.1.3 Ensure permissions on /etc/shadow are configured
❌ /etc/shadow has permissions 0 and owner root:root (expected: 000 or 640, root:shadow)
Result: NOT COMPLIANT
-----------------------------------------
Auditing: 6.1.4 Ensure permissions on /etc/group are configured
✔️  /etc/group permissions are correct (644, root:root)
Result: OK
-----------------------------------------
Auditing: 6.1.5 Ensure permissions on /etc/gshadow are configured
❌ /etc/gshadow has permissions 0 and owner root:root (expected: 000 or 640, root:shadow)
Result: NOT COMPLIANT
-----------------------------------------
Auditing: 6.1.6 Ensure permissions on /etc/passwd- are configured
❌ /etc/passwd- has permissions 644 and owner root:root (expected: 600, root:root)
Result: NOT COMPLIANT
-----------------------------------------
Auditing: 6.1.7 Ensure permissions on /etc/shadow- are configured
❌ /etc/shadow- has permissions 0 and owner root:root (expected: 000 or 640, root:shadow)
Result: NOT COMPLIANT
-----------------------------------------
Auditing: 6.1.8 Ensure permissions on /etc/group- are configured
❌ /etc/group- has permissions 644 and owner root:root (expected: 600, root:root)
Result: NOT COMPLIANT
-----------------------------------------
Auditing: 6.1.9 Ensure permissions on /etc/gshadow- are configured
❌ /etc/gshadow- has permissions 0 and owner root:root (expected: 000 or 640, root:shadow)
Result: NOT COMPLIANT
-----------------------------------------
Auditing: 6.2.10 Ensure no users have .forward files
✔️  No user has a .forward file
Result: OK
-----------------------------------------
Auditing: 6.2.11 Ensure no users have .netrc files
✔️  No user has a .netrc file
Result: OK
-----------------------------------------
Auditing: 6.2.12 Ensure users .netrc Files are not group or world accessible
✔️  All .netrc files are not group/world accessible
Result: OK
-----------------------------------------
Auditing: 6.2.13 Ensure no users have .rhosts files
✔️  No user has a .rhosts file
Result: OK
-----------------------------------------
Auditing: 6.2.14 Ensure all groups in /etc/passwd exist in /etc/group
❌ The following GIDs are missing in /etc/group:
0
1
2
4
7
0
0
0
12
0
100
50
99
192
81
998
74
89
1000
38
32
29
65534
27
996
1003
48
1001
995
59
1004
1006
992
990
193
988
987
986
1007
1010
Result: NOT COMPLIANT
-----------------------------------------
Auditing: 6.2.15 Ensure no duplicate UIDs exist
✔️  No duplicate UIDs found
Result: OK
-----------------------------------------
Auditing: 6.2.16 Ensure no duplicate GIDs exist
✔️  No duplicate GIDs found
Result: OK
-----------------------------------------
Auditing: 6.2.17 Ensure no duplicate user names exist
✔️  No duplicate usernames found
Result: OK
-----------------------------------------
Auditing: 6.2.18 Ensure no duplicate group names exist
✔️  No duplicate group names found
Result: OK
-----------------------------------------
Auditing: 6.2.19 Ensure shadow group is empty
✔️  shadow group is empty
Result: OK
-----------------------------------------
Auditing: 6.2.20 Ensure all users home directories exist
❌ Some users lack home directories:
root: /root
sync: /sbin
shutdown: /sbin
halt: /sbin
admindt: /users/admindt
mysql: /var/lib/mysql
splunk: /opt/splunkforwarder
sisips: /opt/Symantec/sdcssagent/IPS
splunkfwd: /opt/splunkforwarder
Result: NOT COMPLIANT
-----------------------------------------
Auditing: 6.2.2 Ensure no legacy '+' entries exist in /etc/passwd
✔️  No legacy '+' entries found in /etc/passwd
Result: OK
-----------------------------------------
Auditing: 6.2.3 Ensure root PATH Integrity
❌ PATH contains non-existent directory: /usr/lib/jvm/bin
❌ PATH contains non-existent directory: /root/bin
Result: NOT COMPLIANT
-----------------------------------------
Auditing: 6.2.4 Ensure no legacy '+' entries exist in /etc/shadow
✔️  No legacy '+' entries found in /etc/shadow
Result: OK
-----------------------------------------
Auditing: 6.2.5 Ensure no legacy '+' entries exist in /etc/group
✔️  No legacy '+' entries found in /etc/group
Result: OK
-----------------------------------------
Auditing: 6.2.6 Ensure root is the only UID 0 account
✔️  Only 'root' has UID 0
Result: OK
-----------------------------------------
Auditing: 6.2.7 Ensure users home directories permissions are 750 or more restrictive
✔️  All user home directories have permissions 750 or more restrictive
Result: OK
-----------------------------------------
Auditing: 6.2.8 Ensure users own their home directories
✔️  All users own their home directories
Result: OK
-----------------------------------------
Auditing: 6.2.9 Ensure users dot files are not group or world writable
✔️  No user dot files are group or world writable
Result: OK
-----------------------------------------
