===== Déploiement effectué le lun. juin  2 14:26:31 CEST 2025 =====
Erreur : l'utilisateur C95959561 n'existe pas et --no-create est spécifié.
Erreur : l'utilisateur C95959561 n'existe pas et --no-create est spécifié.
Erreur : l'utilisateur C95959561 n'existe pas et --no-create est spécifié.
Erreur : l'utilisateur C95959561 n'existe pas et --no-create est spécifié.
Erreur : l'utilisateur C95959561 n'existe pas et --no-create est spécifié.
Erreur : l'utilisateur C95959561 n'existe pas et --no-create est spécifié.
Erreur : l'utilisateur C95959561 n'existe pas et --no-create est spécifié.
Erreur : l'utilisateur C95959561 n'existe pas et --no-create est spécifié.
Erreur : l'utilisateur C95959561 n'existe pas et --no-create est spécifié.
Erreur : l'utilisateur C95959561 n'existe pas et --no-create est spécifié.
Erreur : l'utilisateur C95959561 n'existe pas et --no-create est spécifié.
Erreur : l'utilisateur C95959561 n'existe pas et --no-create est spécifié.
Erreur : l'utilisateur C95959561 n'existe pas et --no-create est spécifié.
Erreur : l'utilisateur C95959561 n'existe pas et --no-create est spécifié.
Erreur : l'utilisateur C95959561 n'existe pas et --no-create est spécifié.
Erreur : l'utilisateur C95959561 n'existe pas et --no-create est spécifié.
Erreur : l'utilisateur C95959561 n'existe pas et --no-create est spécifié.
Erreur : l'utilisateur C95959561 n'existe pas et --no-create est spécifié.
Erreur : l'utilisateur C95959561 n'existe pas et --no-create est spécifié.
Erreur : l'utilisateur C95959561 n'existe pas et --no-create est spécifié.
Erreur : l'utilisateur C95959561 n'existe pas et --no-create est spécifié.
Erreur : l'utilisateur C95959561 n'existe pas et --no-create est spécifié.
Erreur : l'utilisateur C95959561 n'existe pas et --no-create est spécifié.
Erreur : l'utilisateur C95959561 n'existe pas et --no-create est spécifié.
Erreur : l'utilisateur C95959561 n'existe pas et --no-create est spécifié.
Erreur : l'utilisateur C95959561 n'existe pas et --no-create est spécifié.
Erreur : l'utilisateur C95959561 n'existe pas et --no-create est spécifié.
Erreur : l'utilisateur C95959561 n'existe pas et --no-create est spécifié.
Erreur : l'utilisateur C95959561 n'existe pas et --no-create est spécifié.
Erreur : l'utilisateur C95959561 n'existe pas et --no-create est spécifié.
Erreur : l'utilisateur C95959561 n'existe pas et --no-create est spécifié.
Erreur : l'utilisateur C95959561 n'existe pas et --no-create est spécifié.
Erreur : l'utilisateur C95959561 n'existe pas et --no-create est spécifié.
Erreur : l'utilisateur C95959561 n'existe pas et --no-create est spécifié.
Erreur : l'utilisateur cobaye01 n'existe pas et --no-create est spécifié.
Erreur : l'utilisateur cobaye01 n'existe pas et --no-create est spécifié.
Utilisateur cobaye01 déjà existant.
Droits sudo accordés à cobaye01 via /etc/sudoers.d/cobaye01
Backup de /etc/ssh/sshd_config -> /root/backup_sudo_ssh_20250513_121106/
Ajout de cobaye01 à la directive AllowUsers.
Redémarrage du service SSH...
Opération terminée. Backup dans : /root/backup_sudo_ssh_20250513_121106

